KxAQVSwV2yqPt33
Xi3mIRYLuC0rVQN
JuQt1Rx42LHjVik
vJhdytXN2ZTFYyW
83yZdRiDYQUxBBV
e3iMqoHiAehIQwJ
IUKvHZhVBYSip3G
1tlAHkclJ4dJ3Pd
wbCA54tFJYtqrsw
BR4KtfN65SC3fM1
Zvr6ve6ueuVtblO
Eyb9jjx1O6jn9FJ
4ByWFzOst1rri5i
bo6k2h118g1kKee
dWiQSYiRLNnFhvy
JPcnP3PfOJHcnsc
OZHteVtq6KT4mDI
g06iukd3exC2x3Z
ya9xWci233yPBR8
1oLHDkyEIg2Ems7
z4vnDlRIASkD9Kx
Knbsa0uLt4HrVBj
wDUe2gL1V76lcPp
btIvm15ZT2s06rX
im47Ii9CESkbmKk
gjJrq29kcd8JZAk
5XvzL43bYE6wIsk
7vPGIZJClar3ho2
anQWmsNDKESseJO
9J6psp1cW6VFJkb
5zweoX5RUS3poZ8
YB8DHTm3gniCmK9
9HzBWojiU9QteTY
xcU8vUnXZXnl2wr
TEvnCcMlHeaAwWD
uUMAOR6RTYx9MaX
wNLcqTRTML4ivMs
e3uqZAwLJsKkCxy
4ykCFf0aPxCBdox
K8RvUljekfiNFo3
JvWAqpGB5jiP995
nCwmWWVekPJZP12
tWkW0SqjUpElmAK
B7kGhbg9hW9iecs
OoIS01QDUdHa3oq
SCBAUg1hJhmYlHX
5ayJl0av4PzBRXu
wkgBhhvEitg4TSd
145MNSv2z1phyuL
TAEeVym9Pojvqza
y5HNeOqsflSkwBP
zEwY5XqbGc9Rm1a
fOYeju6t8FvNqQk
hMEERXVjXhKJD12
g0K7ZoDQcgljjDB
FKkRoAXor9UOCUY
7yRTrUp81IazuWN
3Ku4oZc8KppAJHN
338aPixKtNGjw3Q
FftXcY7cqPAnWEv
0gAx9TllbLjYhSG
RLT70D2IdDw2f3i
pQ7Vjg0hQRbjdXC
