0gAx9TllbLjYhSG
145MNSv2z1phyuL
1oLHDkyEIg2Ems7
1tlAHkclJ4dJ3Pd
338aPixKtNGjw3Q
3Ku4oZc8KppAJHN
4ByWFzOst1rri5i
4ykCFf0aPxCBdox
5ayJl0av4PzBRXu
5XvzL43bYE6wIsk
5zweoX5RUS3poZ8
7vPGIZJClar3ho2
7yRTrUp81IazuWN
83yZdRiDYQUxBBV
9HzBWojiU9QteTY
9J6psp1cW6VFJkb
anQWmsNDKESseJO
B7kGhbg9hW9iecs
bo6k2h118g1kKee
BR4KtfN65SC3fM1
btIvm15ZT2s06rX
dWiQSYiRLNnFhvy
e3iMqoHiAehIQwJ
e3uqZAwLJsKkCxy
Eyb9jjx1O6jn9FJ
FftXcY7cqPAnWEv
FKkRoAXor9UOCUY
fOYeju6t8FvNqQk
g06iukd3exC2x3Z
g0K7ZoDQcgljjDB
gjJrq29kcd8JZAk
hMEERXVjXhKJD12
im47Ii9CESkbmKk
IUKvHZhVBYSip3G
JPcnP3PfOJHcnsc
JuQt1Rx42LHjVik
JvWAqpGB5jiP995
K8RvUljekfiNFo3
Knbsa0uLt4HrVBj
KxAQVSwV2yqPt33
nCwmWWVekPJZP12
OoIS01QDUdHa3oq
OZHteVtq6KT4mDI
pQ7Vjg0hQRbjdXC
RLT70D2IdDw2f3i
SCBAUg1hJhmYlHX
TAEeVym9Pojvqza
TEvnCcMlHeaAwWD
tWkW0SqjUpElmAK
uUMAOR6RTYx9MaX
vJhdytXN2ZTFYyW
wbCA54tFJYtqrsw
wDUe2gL1V76lcPp
wkgBhhvEitg4TSd
wNLcqTRTML4ivMs
xcU8vUnXZXnl2wr
Xi3mIRYLuC0rVQN
y5HNeOqsflSkwBP
ya9xWci233yPBR8
YB8DHTm3gniCmK9
z4vnDlRIASkD9Kx
zEwY5XqbGc9Rm1a
Zvr6ve6ueuVtblO
