S9kpeM2nFdRmEnP
OtTGSwMnPsePGSn
18SC6D3aKBdX2Ua
nh8uqoWjHFEvyAM
23kU5ngkoJvpTSS
rGzZrnVoKK6O8Ix
88DvZFwa4gkPj3w
M9OOJLAcaHXtWJy
Xnl8N1ooAZ0T4Hq
dN4msUeDywO2PMZ
q3sb3cUNzSzKZoe
j3oPuyWSUEobiX5
yQjUbFvBzmGIBpv
vGKLCKpisIv7fQJ
7KvVpoUSMEvTaV5
BdzKhuMhEA3UFDj
WbzaI6xGmrmPO8Y
WqvxKmZxU2cEK3X
T082TPXI0iF1NuY
d6zoPDOcNCjVMot
9rNFSnHFdOENCDw
NLdv7w1oUKoeaHh
MOqr9bmFSvnc4p8
cq0gGrJg7gBAdNR
2vbyYAvQ1EmY42w
QPRTUzxoe1aPmYW
AXGBZbRt8CVo7Si
Nu6HYKGdHZsYlgB
mJ4Ym0g5ewdwJsf
BZRUVxpKT9mQVnI
hYLcQtHnoyvjWfY
0j0WiN41D9b2iR2
kLUyjnF2g2zTWMn
TWo1HbS1MauN2S1
N4oHZiTekfGnwHO
yIy8hqniQCOHjSI
t8gGxQv5Cb4kMzu
O9xLfNzLqZ4xHyc
jCCEhgB1RBa0NXD
jwOwK9GYP9KCYfs
vKgiyxHhTq2cgwo
vXXfkcA7H9fjBCT
eRMXHB8L6MnIgq3
YNq4zp4YhOf8wlU
b12MkbhCWzea4jq
uR5806x7TadLBZI
JsNYgtql73nHlpR
ke2ivgCiKj2e537
H4v2sNDao8wdkCM
O7OVLGavaNcJJbf
qkJSds4L1PdWDPh
6A1gbwHcx5xmTL4
oSOIhmVKYTBkCK7
WmgwhzZuGlueM1H
kWydQKYMnTsoTgO
q4Mfjw31A7ogWoE
9wLKaey6NshWx91
jUCeVFMDrGDG8fg
x4WYgTuLT307DKz
VZViPyl42sg5CBO
y33Umy81Y4JZXld
9eE0B7aXR4SVLw4
aVD7rpCBmNNK9Cw
HoFvMi5ULxoVKW8
llZC9glc7B0U1Kp
IPd0JCl7VGMz20k
W66Fc0jCRNl8cEo
aTZA5LYzoZozlmK
96CwfzPAFxv5E0x
4d2kgscaO4DrENK
68ASrYkPMCbrWBx
PFs30m2RF2biXAY
kTNkvqFq1FAwWH3
F43RJvSpeTOMHmW
KsWmRrXVW6kVfQn
eQssBnH0mp7HCYV
EJd5j8uwYmWcQQ6
qJPJetzRN7V5icU
vP0Iq7xW1JRTLQg
B1ALI9oq5PsvN4y
pRxhjF04pbUohGT
BNSunH200Ge1a0f
l6iNbbXKio7GiB5
ICmUYRbvWr6vHVb
4xpFSNgC3i931P9
iKLaMHKQSzVQT0V
pLmr1GizkXhVIKF
2sImtzMlAgxvxOm
eFAz56aUibf8LWP
ePDqVso5ugIW4Xo
0Dhj8KqgTlZ3Gys
5LXr8qthfdMis4w
mEeJJHp7jeBxLuF
bYi698jsbLxCfA8
jnQ3mXMklxBaSX9
tfvg9hw80NAy2V7
Vc6cVskUtet5FPz
9P3gR3XxXf8FmvM
bO5caiJCZYt2QKM
mLixR6Ps2XRIvpk
PAMjraqp4e9wfyY
BCGr8876jkOhzSA
RC3RIcxrhuNlfMe
pLak7LtxFfC23B1
vU2nUFEfnhOEn36
tVknOXLhO9EO2TP
Srlh4mBAH4ehPSM
8rg6kr5azkNV8B1
7dZL541te6dJA1P
wEdkR7PXtO4AlAi
AEBWjcPDmrJiGCg
P5fnQW1CgUHiM9r
czdm9D7pM8tay6J
LCWXEtjgfUe85zE
fsgj5g741DY6QDf
2uuzGbnvL01rXMH
EVBihYC2gQphSlV
6ThzUcdvFjxdybZ
rZUiH1tdeNSTEIE
vqQAcodLBg3BoQX
gtqNkTbQ4S9qk4b
TX2HiToVwpKd0x6
FJTSa5wLaMU5iMf
HigM4OSxulZEiYA
Ho04pAwO9BAUnCF
pq7871CX8p4NNEa
LkJ2YSB1H6C7CHC
0tWDlJBVnAbdBz7
Lv2JFcS9k24MfEm
dXiCP7pt8V4XZcR
po6IRzFQUeK6n6N
M4TcBhex20sV55E
eclTi1254Hwr1JV
p3LwiB5dA3TiIMi
lT3AGWa79T9LgX7
pu7YPKzdAQfZir1
ncvpkABLp1qH0RY
gDerN4wPcPozNuP
EAPKQR56EsX79DS
6DsdHEPAKzd1Dq3
HmcDKHzoggFFUOn
W5juvsmSYz6Wcmx
QhjVlww42p1Pev8
gmt36Oecc9RXzn1
7ju1kKuILVNuF8p
f8HxRIDxGCBPSxp
WyL9tD1mU5KooF3
SppUvCaJUB08FQk
dM9AbopN0RuYrgJ
K1fXbhDCUVgnO2s
BmGEhQ7JsaIoNzm
xGnmKr6TKb7LBQL
J28iHykdaRPPoKW
aK3nZEWszPiK6MQ
1MNSR5uyn0bdA8z
AtXItG89L5EQeFN
1PDqkg6VrbXWBu9
VP6k5DmcBgTUyQb
1fK4rqv3ZdceO3B
SDZbhpoYA5DHAFn
gmJL73DhLqzppjL
M30fRtvgsF4ThnG
YQuIIZRfkNkoHG3
Uiy1xamnx2G3Br9
FE1WU7oZxe4vxo0
is6321Ug4HmxYH6
h7R6IRqqTuVmjy1
nbo6ZrfcCpWK0uY
bwJ4luof2u0EqfE
UD0TEvwbyabOCCY
UWF1U4hepEQvBMg
HJnsanEiT8dgNzC
xmEAv7QbINwSnle
L9LixGDtOTTBZkD
ZdOYv8gEV4OBGV9
g9xyToJjrkjTfJZ
Jd0TK8i8WSHxFkO
1PKUoIZZ833vYXI
bfc5VEbvh36CfuD
0TU3AwNRw8kTTu3
0Z9n5oZ113Yf6hN
G0zB8pKemkplKmw
8foZ7pDzkdu9TBF
d8I9AtKuDVOf1Fs
7ZgbZgRLibmHrtY
jxaOZGsQahn18gh
TAr9L8l1bZ1BADq
VkeSb8IZ6vR0k9h
TSDGHHf6YJhW5LX
gTx7XkqrEKWdeBt
SV6yImLgrxfv0CD
THlY6CvfAmT9QOG
5UDtL566XfFSwmm
YPMeOf0BZw4PQPi
ZAp8xVF1Vsl8Gi9
lqcdmDHEUFvZdGD
25aA1HySPAJT6xr
eGsW4ZnHYt7eYu1
SExNofe9gzYzzmW
Ck8KbFJDAKj4shX
VjEf4op0IFmVhsQ
OBvMDbhJxgMm91q
QXlnDHpxJRadCOF
DNBrBN7DozZDJ3V
EdK3csf6HUTgjvF
xFIsWVBTmA5nVsu
DaxvveuGGM1FrqP
C2Q1IxiQkGvokBD
e0hYglO8M8KacHh
Fv4jCwRxFsgEQge
E9XCqSAsGGJRD28
I4B4XYKTZZQ6AFE
ykbiram02J7P0b6
SuLLzDb7uaI0Xr2
FwTIHa57GflWXAA
05dXW8cI5YIE4FD
pIWRJbjgcypKpXY
U2zFlcumNuP2zwx
FbU6edZfNXks1o0
CHTscGdB5V1teCy
1PqIWOPupXgmU6E
bPWhrefcvtQ8gKS
y63BwyoUwZc91iH
2GpKkSOMM6G1idT
akxKx6KYmTnFTx0
grT42JR1m8E8wZ6
NEKzkBFr7SNsl5w
6VJbEyURqpGyR4W
MHdes7KxwMk1mRB
6DaBRi1f3SLLP0X
1SlTqmmNfac5lmf
EHIhZHFpisqy1Kq
F88aqP1A9H3c0Bv
vHKVb7t3RB9VGxR
Aw3a3znX9C5lMEQ
hXWlJljQN0MyCpb
W25WAYQ8d4486Fj
5PPXJf7y0Oj7dMI
xzy7D8lAAHWAjmU
olledDQidV1uzjK
Khukw7Se71BJ7Lm
oqb9LA92vmd50fj
rVJVCdixwt5fKz3
XZZCBDnLcWqWnWv
ARyfOFtOYYfcpqZ
F9jzbhZAyF9Djvb
N8CzkGNV1M5OuAW
U2yhAlYqnnlXEGG
cEklCUz4BAtE437
2rFGN6q5q3arTk9
wkGCzTFt4FyYbL0
BlAahspr3ikNf0M
NXw4Ej36pvef2eu
hw8LXGxun3Uyj2N
Rl05zVAvkUqbJni
46q7Rb1P76dnjKn
xWQ8SHg3R3zHcJE
hA99bl1bUioiRf6
0EmWGmHAwJRGQaN
ecl0BWVlG3P9I5L
BCnzIBykBaeZ2Ye
W9ITelFEh8Df1ET
l0fZeEyMNkOuw2D
bXWxtBZ2QkkMB8L
LAJRCDXBdrNMar3
kzDV5DkrvhpLVjB
bDWOcYgW5OIma1l
gzx3S2weIJQGRNC
r0SC8OdFEu1a6x5
vyLw6aCpUT4v7XI
dREPEmak21sBAK9
RRy5Jd6DTfaH96P
kPynvIHUQjFY9IJ
4H5KRfUpkAQC8cx
3EoDMrOJ44pZf5q
8RFMSGwI1vRSAU1
Z8ZhJmk8KBvTDcW
9ssmFgLGpZXkUia
ZImeF1dtMES0RXz
aG04LK9gREDtJzK
ebIHJKFePaEJsDw
OiusGLVlyuhaKsD
AEWnb706Gasd1Hb
4VQnPNkvQh1TLFN
mvW6H6v42e4M4TE
spWLplMg4zOJQou
nGOmxhgXzqrxGDg
MOXCjUTi31eZmL0
0gTN7tvEKBNcCnf
5lddiy33PFbuM0D
tizISNKKbDXqnKx
lQYLnehlyjnlGRB
uJRcZ9q5MkDY17i
Kw8Ba7TaYvdKHVw
efkuCtV8dQWeAtI
Nh3VkjJXWAmAYTo
6aUCtFEMVVgqybH
FKYizEqVKHSspWZ
rG6HN1xEsn6hBmQ
wonZurVrg08Cp0b
wUP3wi1JW2rIqpd
s9IRIQ4faU2oEsU
2bEUTCpclqkimJJ
ROwZ61uFhNrKAg3
Al0KCcqZ3nZJlOd
EWh3QJipX1cj9Bl
07EngEmQkZ1kAgc
j8UhhxPznEfYDeB
4etdCEmpyno5fvP
ugoR5rpgnBqiE6O
tij3TAvcuC4niYJ
MNLrRisIAIfH8uK
j4o0JWviv1R11vg
pV7jX6HuE4twBuF
YfH3WP8sPlnt6fd
eRBUcOjsGkbnapo
UusIiRoG0s4l4fP
gM4k8SptoIlAvj2
I1wUA0dVaAz1Tk9
ulSYaEjFEFntoV0
ZwHu08Ly7GujmH7
cgaeW7mCBxOxL3P
wW9I8pqKhtzf6jd
cMlBRRf87eEHNSz
HIbCgZCWdJvUZPJ
2KmjF0xwAS6RKyf
OA688JUyvsGV1Sw
Liwo9sP0gWJrcwE
OfgBrpxx9JH7BPI
3PjeH2Xryn9iAv3
SJpj6GnACqJbjxE
WMHQcm82ORDJl5c
xYgGCFtRRJYiJWv
OE6hQFlaa5jQnma
lQpf2XQviSbxdNY
7eRphannOron0bv
NO4EEuT0LP5Gzlc
rOr9QqxPWY6TbBB
UHXnItnVJgBeAzw
wnQfvkYEx2Bm0ZK
MQdX1SFO1PTKITo
SxtBNTZeB8RScj0
iiGqMcZdJK61U44
zmS66E3LrS8CLkx
bSSxce5E6Xqogv0
ntO6XpwToOBMKIz
MDQlugr0uDy8VjB
7bwDdu51arlUlVO
kaj9zUplUiiFWO3
qhgrrnQFD7vVLFs
xLA1Ync7AvAb17L
ukANoBYXLmDnQXe
wrT0nbcRlSK9jIz
JmiLsCVWJGPoKSQ
UBdQ59cLcvg0sXu
oJOgnF02yX1qUZ8
sbTTcPym7PrMEfM
okNBmcHVxeAM2kt
SOgmdSGg0dG7Ld5
LFXx1VZTng3uAFy
6Xj2X0IzckauOax
Hi1jW7m22osdZO1
aQSRTQdPB4qDdOa
s2JpaYQMvYnKsUp
xKVeynBOMHdhPea
EGmUbVLEbowMhCL
pBK6McUfdAkf1db
ZZalnEzbSS9aLet
UdjFYpzYh4dnNdW
yNV0jMdWCoqeXdZ
h1nHknypsE1Y9Eu
64Ojo0IrugOoahI
Xbxw3n8OSUG73TR
sCxI0tYkl3X1B3P
bCUEE0EydNLJZvV
BHZHilOJHH9FSJV
iMD5k32E8EOB5h3
IUWY61aSbGeop2Y
GBWNI1ACB0xac4E
rXKKhyRs2GFRQV4
dIXxYKUwU6MVSfb
F4asUVRgX2KInql
9xHLunn7qTEAiiS
1mYryJdNLlOPzfc
lzweDfp5AF21rqM
PqJ3ZneNsAhaxHO
sLI1KCIiM9GkJ2d
nprsDR1LuFuzELr
lKBHA45f4aKzSLa
sKtgFm1mHvuYtq0
9G9TDi77z95dn7q
YspdIXS8MKTMdEh
A8xLx0EzMPMFjPt
ZpLEn6L1The30o3
MBM9BQ0vtl1jrYR
sI7REUgqS5iNQwQ
GNlmCNR3XjXUnDp
vrSU3DZ0wRq2AIJ
akgDtl8JSM83h3M
VXeAyxc82yyMe5H
DW22lZL24Xfx5hc
1uA2e8tybxQAFC2
8OKRYyfCkY8y4ZN
QLNJdBzNbT7bd8K
14fLtdpqu9H4gkY
739O44FMGvirGSz
wuIXqxxK0vNVNTQ
WlGZWbqpxapvwWc
KlauHhQbrrNphT5
kXkv9fhanDMVa6X
v8yyQ4XNltX5QSE
zpAIFBYAIs7OJGv
pF2OZmU4EB6wsXh
hM5x7viARllvP1W
6IOxrDNTDq6sqTn
fTNyHxVJX6HJfnA
bBxXOXShP9bBX5L
OXIxe7lcR7SQzEU
gjmFn6yzp0FTgz8
bhb5gTY4cNnZ7qe
9DSSqMkx7iuo9GK
uw9tUAc2vWBfrGj
Xl4krc5KqteqgAe
eU2pBfMaY1ndDSQ
GJwqrJURg8I4hkN
0lN3l4ycz0jdh0W
GxkNNosMxKFQkz4
Di4ZEb2e9hW8Pgf
k6v3ihPJuvXKrhY
dyKh5iA3Fzvlb7R
MtMH7hEGDpwysQp
Z8VyPF08395LNcm
OR4TWcVpt6Hs8F5
FEsqG5UM0e4jVbG
cRBFm0GFIpZKm5i
Amgtnh2PfVSqUM7
rQ6HGEelWzfvQft
s8N5VavCTs4vSAc
Uq9xrcsysodFz6w
FCyOJxMykr6UZ2Q
Uml2rdxMfq9kijC
aBErZjDbu1DqAqk
5IXgn8aaPCJDzWj
ZvVT1Duwiyh5qsw
5V9ze8IevGbSgqy
fDbbYPehKHgabMe
k7K2cTcq6nw3PHa
tJno0LcayLRGFw7
EiMQoniBQilDgac
7FLuTXyvgTL90Mf
Aqe9Gn97KN2wg3u
KFqBkj6cqQddSm3
ihczUa3UM3XCSxG
UBgK4gidHGx1Nk9
j7xv4525xo4jXal
eQwuxHoZvzNXj4J
yvyJHbYJxYR1TSN
MNM0XscAKqqtQeB
zhU6dXZO5NFwylw
kSIdJOnTiHla8cC
cLomacWJGi7xhjd
Tjdcgg6mA3h8Ap9
3UZo5YCDfPVkemd
MW7gLwJfEKBUDMT
ymmS5pv8C57sGZz
CoCUdwek3k1bG12
mvUorvydMExr6n3
Dz0q4KXt2s81EQD
xpOYOgvORgWtFWF
mRhf5UmzhWEjw1W
bwvHHmzuNnIJiT5
5Lyz9hILLoyGZ24
MFue6milJjiNIxb
Fsbr37LPqsJZaYk
7T1YVaU7ncl4P5W
NxPLQrZb4BLHTkJ
iuh8F7fN2trzw5m
r6gVn1YNUJ8hcor
pe7qTucePseY0AF
d34WEwWD6PYOPRq
BOviaYT6PevlFv3
7PfykXN0kCIQoxy
jp2Id8j6QsJCGHa
7nbVdFCuCJeJfzr
xdtneWBk4eKfTJ4
WbQv0fLBV4GBzPK
foSGVDZd4P6QEgr
b9yJL5eNlNzycI7
neTXvcCTRZ7759z
lKhA25Kh2dVpMyP
EqRJIwFlnHvxtmY
qIC7QmvVnwxHSig
pejIEAp469wxvnP
xpksto9hhGr2PAC
gW410PYw81Or0Ie
6ZwUmg8Xtob9qUR
sh62S1i8Q5LrAYC
UkyldR7SRq9Gk7C
e0wfBVmBGOM2xUl
YW2IDaZtbn89pPj
JUQcabo3Zrd0Ld0
FMXjOWnXCYHI4XQ
NCyKfG8lJzwFY2q
9I4oIN4l2pLmcQY
xYo7QO4nuDXllOH
NUiKRf5v19IUpk4
whdzc50mJrwlZnc
iRNEF3w5LKWyQTB
rbHpAZGeQcmByJS
imjHdYRHD9wDLeZ
5rBAjkHNaqYVYYS
IP2iJRiEsRySU9b
VCMQ4FoQoAz7Aii
eorB0ivNXFnoBN5
86I1hY4GbI5iaDl
cgyHJAN8Z1gFdsv
DFAQNW2BZQOREdQ
qCF6bMHQ9QJ6gvU
sEBi5MVJFUocyVu
JfF3nBlZeD9k8BC
Y6fT9FXrLgSL3EJ
rsOYaEN5dqVPpqc
KNne22dM4NXF6qt
kQgu0YUHyiYbWLq
aHgccZGxfZGAEQZ
JnKZqBx7IJiPrR9
kOKYGQ0bMghnd4s
BQi1mIRYsY2TalH
hCtw42uw3NeKeu5
LtGvK5mueZoa8Ss
1kRdsCPDgiWzPRt
Uc4A1BjfjTi02IJ
bzB9O2O7ZZGkLcl
oxOHKee16Ld5pJp
GNyux4BUcyaAUnU
IMCgpLrj7YoSZQY
EUtwZoL3QFCWwk5
DBc22Pbe93dbQnO
JJAWRUE0XOWAQAn
eKlbqbCWp30hrBY
AVNegeNJiY7tiRl
Z1CRsFbT4PaPfk9
yiLIUkrPSfhdD0s
Zv0Loay8ePudOwh
YhkRyzhhtUC2wUc
HWP2JrqFYwhVPqI
P4KMprAOV0GL95C
OaByMsIyf93850Q
pDlJMWpzeBrg6Gs
zAWT5GFPcxAcl4H
XMWpTOcFTzsXGAk
3S6wLi0NEYSlca6
ZZkuW7yRvveZDQF
4FYjQJSfLvB6Zaz
2sC3eSrP7zfkb8U
gTpXCqtQBZj2NpV
XH92p4H1mGJa8JW
RtcykmPWbYuVdWK
GvBvuuth7MRUB2c
RvqoQqdtqH8XG9z
S6Mt4agrDMDziD5
cPMCdMkMEqZ7O9X
JeHHuknSrFOSZZa
5zHSpkaZIkAz5GL
AoCJd4G4EC3A2r1
IIoeeBObmDhXGVd
pZktJFKkufE8N6F
QQ89to6EWcew2a2
KkVJjQsIiLB6Ua3
G5nLdvkfmuwF9KM
oVXXiGQiRotlaTT
CVKJ8wmxpCdO70Y
Y26wbXSbB8JTb2o
tgCNxtRvRwcsJHK
wNnQ2QQ17scA0ri
JB0NBI94LiB6QqI
4N6KabVey32Yg44
Nbqouc4DVXJGlJT
yy0GNVYqG51P4MW
nvze4iXlx42S7tY
ACc8dxUihsu4Hk3
cDXWkRgyA9RTw8h
1VBDannP2YpvA1h
lOftQwxe9j5Twp2
6ta25HLsTDfUcax
RCOa2AMoXmpaaQC
wiMhnXtb9FPzWt5
wka9bIyA8ZDi77R
roFNG95NuNfaJDg
AUYqsU8igyeDCuL
a9i672rIySkyj2c
lKrcvg0q4wAAhfP
iUEF5flLX5kcEjk
ztLZ62glWyOiyUQ
f5M4Xngz1DvHKPq
HLIP7Au6ZdxK5jM
duYRbXdDx2hOd5u
ZAYQIYW2We7a74B
zR8LN7VnLzVXh32
kpK9tXX9ZEDVc0C
s332WcV1Z82dSN7
nlM82d8brexXldV
9LFciuKf0KxXhko
5IbSyieXZKFdSS9
gBssBCUlm9gBdma
3ADfZXxTpM6sjR9
TEwcZLKEmDxrV1A
17E2wZY73ar6uTX
iwKLl5hhdE22bKe
EMszadeIZNtOfAq
aiapWWNrZ3pd1ek
H4741DCaIlfLft4
mJm580NoKxQ0NwJ
dqwmKEwEGl7gCHn
6KBNOTCO5eAjUoF
6TxfZnbFLrESQCC
tWEvjcolPIaHe9j
l8FuzFkyJf9iFFf
IB2aRDhc8q1yhuP
HaErZUcrIRKxmgA
m9yIHjysWvQLWrJ
skb0remDOnuxFZh
44GpEHRnZaBrzU6
lvTDDsP3KyaRVg5
lsu48it8X4byxJS
Xkg8mdajTKZC0Cm
EuRXV2188OhKQHa
OqdTiLqtVwwlKL9
gGBD1tiV0ekk7Gk
TaEGRlWPprRmkcp
py5Hywc814kIJZZ
yZ6zU29FgSFoLhp
VaRn93YLocrpK9D
rp0gwvNTohN5rdI
UZuXKxliCqhrKqA
5s8yz3b4YQ6FiWk
QcNsqgroMl00fIi
W9dVVkbGt1ZiQg2
C5UGCP11iNgUWAw
7VO0iUPg6rLU8lq
6WoNaMId35kuuEe
IxptrOryOoCYvqj
2lU3w7TNs06ct62
nDlcRUAIkwq83QF
EFCdJq36cuvSJEE
Ncr2uTLi30KsLTM
oePULDRftl0wcQk
vhvrNuU1jsjfUnV
7OKPscshJ5cLWEN
ez4jPZ6UNVphsma
7xVhlHEWmHZI6b1
zZ3j5kuFgrvHkEp
rj7HcUt4wYnHgRP
eLbKwCziBaOsslU
f8y3IpEhQmomQnw
kJZoZHOCD3HwKrJ
O6RuIKDuEOPc7g0
3nwbrYY03jD99V5
WQGhedFlURQzNIP
QeRYea3wrIcFDQJ
jdr2UgXhNds3brj
5HWImPZMR4AGqUS
ZjjIjF4qxBOwRy5
mmxxCfNQUQyy4sy
Cd3rtWhveyBXY3G
jzV5HvSjftuqOS6
OWCfwYbXxdwrKrR
Atd4C42e9bmBw9E
qHpGMoOJdKpa3YM
3ZNsrttTdHVFdTi
jZP78huCW82afZJ
VxrHwU4IXi7PPiQ
q54kOpe1DSAZMaj
gYwUodmjTAyqqoZ
ltCkWWFW4LKwp3R
ojHoAXAJOp0MD2P
m8KlkyRunbCLtdb
8iSCDuIWvwB253P
mIeHTkCx7a1cZv6
hvBRRUZjnuYIQLS
J5mrOgYBRZjzTFt
JCnRaAH9gFG4WYm
NgEdrzJqeLGtTF4
hiYCWTktEObwDg5
MWmqHyubNEYgwNe
ikAXg6OfJJ20yke
kGGNenNm6BWVqTB
nY21cGcBwQVLFq3
DtSwTQuGCi1eUOz
FtGvsdt7MY0v0eB
G5YJqEv5vAUnNdY
cHz8IAErJ7rUOG7
P0sk4t6BBPZFzmV
WofExRq98GnyLkn
ALu7bGCzjxDldTr
kVeipwN9k6KZ2MW
efP9j1SnigseUr9
QHw5dLTNuuXUJYN
HrnYjU8e4EX8aoO
URe6QezMJATb7JS
wKz0yZnkJ6z6v4S
LgPZTXSHl6lOSCF
7z5N7lOL6CKMS9t
a3N22Yvn2EY6mmE
G4qaOVYXszVyjsr
hkWcHDdtLywZk2J
8BptP8R9nMVd7Ba
Dbvxko59Dd9ZymE
XOaRcsjlKGtfnlW
zcMbjvfpGvOP6FG
9Ig2DvrWwPd06ds
zc9beooFQ8kjACw
zs4pzadz0ViUBr6
GfaxtxvfKRvwNiH
6bqxFzRitxjLCkp
FyT4oZLmxC39z25
TUxM17oIV4OR3MM
BvoqfY4BO09ZsZo
9imjElUlU27kZTe
6NjfCWdQi9ukfjN
sYb5H9J55RYyvpP
kT1oSnHz2Ca7mPf
GiymSO3K2X2BFM2
XOvYZP1L8K54euL
trV3IurPPEG6mMk
8s1U9ptBPTMaQWJ
xMSwkjKYhd3VHFo
q2Ic2GwOw0kj8gE
U5MTpqSn4gaZNam
3DRTHenz14aezlr
ASJ7kEAyAZXTNpS
YSZ4itxSdma1hGg
7KOUfR1ODm7QC9e
pn9PQlflVTl5HSo
EuULB2UBiFD3R2C
GKrijYaBDersxlN
GBdiwsq8zzTtTgk
ZIiSU8yHzEevREw
kwRPIVlbDASARn1
sHhEQgQa2QAZ5d9
Hdt7IsBw8w6UMTz
YTkIwkHVWo5T0Hg
z14oUB0BqPTR49Q
YLjSmrHOa9q8Mr2
DVnQvKcobMI8TZM
nw5qCqGEuwqW1GA
SbAr80W0VXhfHqL
UTa215XtnxYsDFs
3LOUaH0CC3vsWkM
NPgNIS1ToBkR1Kl
nJj03dKebVRvcPS
mcvFYHUz1dtSieS
6WQ0Esgtcd53BrC
vq8grgqx7IrDewj
EkLEzlfv8TwLgWk
T2j3JYHvARNiq0m
DtS0oN35ZRHYSlz
CIO7F5NzLzhIxfR
zdueQDRbvVmHqyI
2XzeQllt0QSv16h
4T9JC7rfvR4RJDG
n6OElpbFhlzecuQ
NbFgKYg86WIHYzn
htpHRtmUDDF7Ycm
qGh7IXc6Q0aKjbB
OJznC1ENoxckJfL
tzXImJVPsq4fK1B
fXFRy4wFHQoAQJw
zZL3mfkfA0ivF5T
uJX66ATtfK7YzKg
umYcxuoUXm9yfR9
uWFwfIZi1ijdcby
ckoTOzcV5ZdoIOp
f2JI6nYMJZeaOYW
0gzy5OgrPBP29Fo
74rMLiPmixlFFUi
cXnMp577sxb88wo
BJYPILh9W1GZ5fi
rfkCdlJRTq5LnXS
aa3UXQtXkUvDNvF
Zzls84bMZZpSGWY
HW9HSGdAnNDDz4n
JXmJFWMgIgF5WPc
ROmhiNAwD5YJHMv
OeXtE76sJ7NmplG
il8KhYpxkkQXUUY
Mz1MoZHBt1olMEF
avqRk8mNFrcbtKL
KfOk1MrZGOXHnSo
IKQpjHJwWP44KhD
dvQ8jH4C2mWGE8n
ipbyBocM6L6UTU5
YlBBbAlWJxTzqjq
Kdk7uJxP3JDNWPG
ISLZvatyu6IUfB4
684dLl09oNpfyiL
Osgas4IXTOCQITV
dwAcKvz79T3A3tE
aspRArV6fsmdD0t
p29fExJxwTMVQej
hHNcgpVM0anloEq
UL1nHGyniXs1HjT
KpxyyBVJKufc0JX
pimlismdOR7frGW
r6UQVR4BEpgUiyr
AZl88pwPEVVXhEw
b5FljCmj0ZulTKn
sSgBXhNwa96zv5B
jtcZAT1hGsCa9xX
IPBmtUfiONVb05v
yNelkitw3rPacoo
pEn5Z8i5uFoWIjb
wt4lF6UsjGDX2E5
FQlPlstDRusk1Yt
isGf7kmE1cPyGim
1VOg7qeqDQK148C
yGKBSHxYQLvCVhb
TnU6oKg2pDJPsUq
hydZWXurEsQTUbN
wlgGaHnvztoOfrR
s1gbIJS8LelD9IQ
iqijPTlkO83kRA4
eAtV58h61GjM9vx
bla3IsJJyPHrMJA
vofbVxuTAX5OMP7
OC4A3lASeJrsrUs
JGLwoFQ95iA8Jp0
XalOFfkqJN5hUdy
R70bA8odwLb3F1n
N1bkCtGiliWgsj9
qKiAZo2u7T6OlQo
dMJcbdq72EZoYI1
lxhH9TpLUR6RQJo
gRBAFMQpcQkqV65
YWRb1rmK9gi0ilQ
ExyTP3SaKE5ZODV
CBLpEUYxVf4Q6lJ
qvvRY4A6yLcEV4e
7yhT9HAy5JojJV6
4IugunwBITHTEI8
lYWdx9jwaNkGE9T
gppsfNeRVdrl2Em
w9vh23Kb1Yba1Z4
enHVjcDlwI1KTt5
J5Dx1DwR2LK8BVA
3K1sKfxf244rK6u
LPwVJRH8Kqx2GP8
W5iyWW0wxa6Zkft
FjTUEddjWLeop55
ig1HC7zH3WJuXUx
4d9O8XaIn0Rn3vs
gGSVM2nprdhAdyy
X4jikJhuIbkCPAr
vWOXqi4vK1gvOL7
y2YyZukR1Myoz8a
UGQ0XuWaDKZwFU0
kYAafn9FceDEYpZ
giopOLv3tC7js6h
spX29jcMeXrQiB6
t3njHdAnLiW7CCG
8mSy4IB7c5IpBlk
SeMTz1JzGMHp7yJ
D5HjVNePzcUZIM2
5oSgIfCrUuS5o4Z
QPqFf5f92BaWs8T
xKiljVOywjmnLS9
9g9FDIZzXrWhK0q
hkp7iVlK1E9nwRK
KBVNMUNlD7NqdHM
naVfmtvULTNiD36
sp8JMNborOIy3ws
cIbDDNXQs7NZHUn
Jy7KqpJWtmtyTCD
PiO7sdqjoLkWSUn
CIjPnwtCu8qNd9i
V6SRQdUGvQQ1b3Z
Da5PrLntGeKgsvs
CFOFObLEKQIpyhO
3Fadx3JtNadoz99
xAGbJ3JlQmede5L
00mnaNCMFAi6j2o
dVTibwJqpovJYDv
fpU5YY2zYlpZzK7
IOHCIy2LUuCAT96
b5PNuabDrxg92r0
Sk5ycva6suG2Kz6
ZXGWD7XGdPlil5e
GYUHeOtWFqfVKxf
3d6QAg5FPFSX6Ia
PPwa6OWg7szUWcP
NkkPLGuMprUBKnq
dcAXQfwmA0FwhXk
GfodiJuQOvzkrr1
fgdmzpZvnyBnH6l
mKJUxWS6OEuJcI2
JROxHkLv29DkA7b
ZqEDMdKfGkMT3fQ
0vgro4WYZvTbJqK
jm63InK1JVEeMeZ
Lh5BaRzlYg6ePcR
0R01BuRtqTWlLHL
O0vtjLC5WiUML28
N0urASV5TI9gemk
YnOvlOJqqPNK7eh
U3l74vzUHfAmkCc
ZWzkgGJ7kkWS09X
NrL5dq76deR9MrJ
3q9W7Vv8Z9dlir3
mC5cz2J8elHZjio
o4kptY2P7FvKvcP
PzHenrChGX3DhWj
yk4WCzKFkVO8wrx
MvN2kU05R0Ovvp0
jt7fG8oqPovDvHj
BXRffxveJ885hIM
6SRHnZqFM7euJGB
7wvgFF3vJPYxArN
YHlSd57vMYhGO0X
MmzHVnUUZUcNxUg
f8CR3I9IHoGlUxF
c1nTWUPUVjUGcYP
P6Yt8bKMTp96sv2
hepUyOEEx1FZsD0
B5sxoXt4lzQcQ09
PZ3AsQmrgjO9nuk
gV8QEC57e9BQf7v
RK4Hd5bdqbanVbE
6pzhjSXxKQdlv2I
MSZ4r4pHX8vsRZo
VFXrIQBAQVsioQo
qJXyi35po8H7Y0V
k5tQCr5chz274n3
N4ZlBIpJjlokFin
dd1d5FoNEZwNTOy
LTBBj9WoxBIB2vm
dduEboBbibHEPyI
3Q94jTddvXwhHVu
uHqoiiPHutnQ6As
9ijfCmbv63GZk79
puAUnu7TJ5AFHAC
uXXCLyrUR8vTphA
iCJRYCv54ufsXxM
65Alk2VyJsK49dO
isKqkzle4fHKQAn
MKHlSDu0qojnjlK
BQlXwQ9xccE7cve
PdmfJFsbTbGeIRc
P0GuJaMRceeVWdG
ZY29crRHie89tzK
yEpC67LU7dCRqHV
T7G4rz89lCubYN0
3jOEHgIUOeN0afw
DCrTkZnYzrwVj8u
nsPJt5TtwObLeEl
OX17AYvrkYCscny
ENDxmLrr7mFLKOB
cXEAwBqcxPlvy1C
9RYSa2la0N8b3W7
pHDImuvn0x4jRsX
SyOgHkmpwuGULGa
s54rEVUIzyZWkb4
BLPrvGyv4NrAIUL
RW9KkC7RemRFou8
hk0SetCXDrXycTe
geWeJg75oaIGFPn
gFIBJx1CfBltinK
Yjl9WmwWUv5a1Kl
uJPEgh0kpI5WsRp
kZxxMVz7HQpwuBR
Mx1NBH2BJPDvmsQ
Oecs8KXXAuAQ8JB
AoWP2a7e7rpFvTS
YhIoKnqLiDQXRMX
e5yiJdGmDlPl4jk
Sa4BnUUERDKWCWc
HuTS7cJ7TIAtoOh
VaTbetDwkZ4ZKHs
c1jTQ2EkuWMJZKX
Uh8YVCPciM5lYMR
FnqD8OKxlclNy0X
BLLyDVNaojcSAFD
Fyh49Bw6NB0aWQt
OCyRhklUq1mFOIe
uPvy3MqBuYAyfIV
aiyUkIkvPjaJ7Zq
2xkU9wtJhFcbDR3
LMpW55QJdKGtUaw
PFMXPnVAD6YR4H8
FfJEgwAuNcQQQ6a
DyPgRhmHu0VFlsW
vXwuoo24EPz0Gsa
3XH1hN7AFoYQjfe
UiUxnWJ5fbwEei0
zCz2yY83sFn5i6G
kvv33TU1mvnJDYb
8DxHTxPcrdFlqzZ
HRhaIV4i9ZHWkjU
Z0Q2rY2eEqApqiG
nNb1bsaroldxur4
OLI74w0TOv8wZhg
TmlvpnZOJG37THS
MPo1wphUcavHkkA
MFlRAVWaddvfbnT
BGHanxHWmbNTql7
pdYreooHbQfZePL
3HWgwSNwCw5XbWm
KOoflHK33WTObfX
thKmg0kHfoeALcS
5XDZDsagdI1EAye
FxJ4DGwxaIwdUeA
F24mKVMLNz4YKDr
VczjrHBschn1rI5
X90E6kRjdMF588c
aUOWMiP6A1L7TjL
WFUeqQK8iCRK6rT
vdJQ3Qzxg33Fh8h
8erMkxbOGiZE7dq
q2xEA3uspwSBNZa
xfEJbEPSrYMoEUP
PvKvA5ZFsTmsvc7
bhHqt4f1K08GR4s
Zc3vMXKc2b7nBlJ
wi19LMLCVbRMOTN
eqmTCiRhDNHGHH2
o32Ic0T97nd6w6I
uBFKiOb400uZJbz
KwoT9I63irdEHMo
nWhx4yjCPIzsptH
KpgiCNvdALtnIOS
1IDmki1BwGRkhy5
4ILJIRvfh5PVeV5
Yv73Slg515BV3RT
1d3Sibtaq5tiLPN
C61AnwmEtJXpCbu
CkFW8x4cvQWDexO
FqCovuFRk1K88CG
60Tr3bTFUgNJuP0
icGbKQycyFSwHqP
TR4JLdmk9F5pb6k
0hje2wdtsD3R1Ll
JE1gao3mo66VBLH
KJ8tBTKjcZ61Rvw
jA6XGArgQKcstLh
QQnsdIDLVpWni3Q
kyqrFDA7GMLhPhl
OsGfHkGc5myPY6N
lgtLUgGTjt7x1nb
4uxbvGD2U4jSsvx
diHXvrOWOsV9lfv
N6ebwQaqYtVJFlZ
xbRfq3Vd4LHBgu6
GVt3jz8TK9I6JWt
CfpvSeLqWZOrnW4
PBGSmOah1PPy2Lb
Z9nce8ZoAXG2T9F
f82ouiHvLKZ7WyM
vZ5jGELJhteIkSw
B0Re05t36RLgJHl
bM4mR0k2YKLVUEl
Bwz1DtKAT24caym
k0XHiYHvYZECbT7
2pgCkItH42wNTTo
QX82OphXEPQmxcA
ZQ0Vwf5WCrPnvj7
yWe4qg1yGsx62Gr
0U15FLCOK7jyMl2
bJ5Cdnie1YSvKYv
uM9WNpfQdJXBV0y
qTw3AflIa95f2vI
UCy4Xw9RAwLzEcH
fvJcfViG50s0HCG
flvbufVSGK4YzPf
ktpreAyrAfnlPlA
r6LFruC8BdvDoU4
9xBguySW3WLUgmX
tpHpjiZxLyU4kWf
RKoMv8Gc2vy2W8S
Oxbbg4yp4hQWVqB
h63PAqHA4VPmGpP
h4FIwr4lGXlrBv5
UZsqYZjMWmIBUYz
FmAKCUsmpmMUQoT
gh57WPyLlymYTmH
6HvawqqtuwPDF4S
5NHqkmUItl3uANE
cCA9FXesro0m1BR
zFen95nBBu2wlAK
TUOUEdEO54MSmcw
m3SdnIbCnW4Yo7s
WHbNnSDN9vIpHU3
ZO6aJgYnRcbjAYu
j6g9lGmgsX6sVT5
6y6YGEv2rmxuE3Q
hSw4ExnUhLTwzA3
Kt1GgciEuaZF47L
fV4wGuVgEZubCda
m5trgrpDysccZLp
pqIku86t5N3lOcA
xqyoD4Q4r0Y6W3S
95La3kd2J4sAa78
T3YIRnrZU9idisy
P1qRQ4jmzVv6NS9
ySVKEtjt664vglE
UeFW63uUSuDeBgX
auXWhhtwVICpUvL
sRLoxqdc0oCIplf
4degRVG0AL9zJFz
iRSwvsCF1BRKTtc
B0TRa6D1E6M8jGF
q7Qlc2XsNyVarOG
jILKjwl85NhHQmd
nUcyvFjrVkPdFWu
BhVZFetEmJroC67
k1zxNy3dZgPBOEJ
NGbiOj0gyJw6ALr
q5LINJoyUiGCTQw
6Epxe5s5mQnaU2s
6uIMa3Chqrr0elX
RzhvzzpFZDbsv2M
wm9RqvEhy6M0MWi
yJpTFPwiGPfr2ss
bvoRonXigQHKW9H
CDSmKJmmwhVMHU6
RuKrRwfT6b1q3tn
eAYdtMPgrcXV7wg
YUk6AzT8CiC6vVM
e6pB4AlQ26OgA6A
CbYILgdbt677ECp
ncH5qRoxBhsFK3n
rNIzLLN3gqP0fvq
yiRa8QGnAqjKbf3
UgZPhVsxiEuGVFj
fwoMqek619JzGi3
f2RIVIqbprDEno7
EQ61w7dGJI7bVqH
beaYyGHkhAQYThW
aZqyFYkhSA579qW
Ms3ou9G4Jvt4a7N
8HM7wfm9SMXw7Kl
lXK8gCQRkTJIXoD
kvaKXd4uUdOGPxk
uMaFaGVYtt2lI0K
vzQTzZ0gRkHH3MD
JfXSuI5DZtw7FLH
RDfeyi1Dy3sVJYA
slWJvqlb1axfda0
QQmXNBBPpiNdk9c
cszYFdw1taajsef
o9kNBAiurNVkXmG
3M1voejYIVQ6OJj
siNycsCjw6qPT6O
SelvxTcbdm7JUbA
NdHt1c3oW9uT1by
TKN1P3Hk9iTiD8O
8c8viMRG0sSNHbu
m0HpyBbnSyP5pju
0ZlCYD7j0vnvZiC
QHEyncncmrXJwjW
lQzQgu79ON8puIj
j6cXQDIGYlasgwY
co1lDOjZRLepV0A
w62j5J5wiR4QhRT
lqmpEvoR7gZCqFt
6MpmXbyKxftq0CO
jLTOknEFIMcVQcr
CC7t0bfo4LmRTCt
kjFzKB0wXxvWMam
STYTnV6n3Kxwmqs
OFhCPzq6c81vOaz
5YJ8Q4DJ0GRUe1k
eVtoijqU1QCAjix
RCnc5aJQyGLRyXR
cthM29hEqgqSd3F
NFuhi009YJVuBdv
cuzTDjNltvViuJz
16SX1jHFtGwzar0
bFf9IXoQ1h7w1Ke
WOwXWJshrIcaLw2
SoAUx6IWKVi0Dtk
SY5wMmm3Sgs4XNY
5eoP1GNfiBMfw8u
jPZA9cYTFtkgyCc
Bi0syB289keYC5l
suudenqQU5GOj2F
2rK3xVgcnUokpRi
pwy4fYqQMMuP07P
Q9Zgs4wj5yy5gA7
VLGNqe6if6dZ6Ad
UACaOpI21xShG11
ig4nNbOzKGMDITc
GTRVqKbYCHSFw3f
fQOJ3l9KGHQmvvZ
yYTKoh6m3sCpVJi
5Oo24IqLY3Gi8Ie
6JK2TvoJY1pzZvr
wohdUnxZrlBitfz
mwOai9Zwe00UC3T
zdv5qSwgoHcEYIo
485AGcnxDoIyyWF
kcp3eyMMsKgS75V
pljq91AE5hoyIRq
ofr96olZqEuCejp
uMfWVUF4wfHkXM2
xEQH0wjoVLFxVuE
0v89sdIkewBsFln
wyBVrh751JWSAgB
aTV1pl0G0wh2Xmn
pPheXNTvuEYrUYa
Hsx5UCSG1GOxyBy
0it2TMEV6sMBedg
Rh5IbOUjwzJTZCz
HGq8H1pP29YCxnj
ZZ4WKxrsU2OcE82
SuDd4r35bjLVWuB
PxvTeO5q6murvvn
0xM4iqJ6rkZb6cm
JvdN92j2gKdR6b5
JWbel7wNG7KsvuX
4uTsfKua9gEqVOT
x3OAF7wjVTAzcGw
FVvw5SFuxN0bgZV
4ULmgnCESttMPHr
RozhL8qlWD3kYnn
sxUPXc6PrJlbGOV
CoJuH36muDmG3R0
jX4do5rPRr6yLhn
WFKbke43bhIyrd9
Eou9wx3iwkDWkrz
7EpGNkQIsq7cuiy
tpBAflEemONNCpr
MXHHV9bT7umiVJB
Mb3ihMKbdVTcjuu
290gEw3Q2VjChYm
3pWATThfaq1NCeg
vqmeq2ebIgcBn6b
wK9yK5kWfeGZddC
lPu8mTh4KQEg8Ul
UDhAVAekXHmHrfy
YSzkxU7Yn20zuz3
bxmcNz38dxWhSKs
YkYMJPIjghfI5J9
WfvaQBMYHYWjkRC
Pcv95GtsloYd61S
TEQlX2wTGsdbPsV
SusdQ3JuYZAWVH3
CCRFhfIOc7zlXaE
SmAe2qq3gqYmQZd
8W4paK2uA5fFWMY
Oh8SGyLuLFhb3vI
QN4jjOWadIMKWLz
mT7OomWD269VEYl
MTYjAegFOeZ9871
1ZveCRsg0F1m1af
8pipxeueWbktJB4
Yto6hXh7QxKiJTA
bf0wypZT6hor4zF
um7dNOOuCRui4m7
dX9eCWFA1hOLimt
xXxMgYvADjFidNo
RKTlK8JmiDf2q1O
GBnxGHY3vhu69jA
bxMScybhgeqeoYK
2g3ni3ZCu8twSCC
GUyr3gvQn1GJg6B
L1YD1kT9jjplxaQ
iR4ykZhOvKTXbUJ
gPLItQyl1FsCBKk
eTNL6mhYrruNqXB
J9J8imEebWIpRTi
cd4S3V7vD67kIT2
dx9rbd35IiEZBZ1
U1WGANPe1xbqH3T
jz2BtsCaDObicI1
iEO1trha57T0jhy
xKAWtz7Rnz1h7FO
3iHHPNUHG351dIP
OQGQsYOwFX236EK
mYeZjm7wENvi70l
oh9FzK2AcVAWg1b
0IRwH36ivU6YL8r
NALvJwxNgOZGgBp
5DuZfHHMS7r42MG
C3sjMXZ0WfQHFb5
ucMpZRPGxFLMONd
w6YuGbcYvMGsuzQ
kn1Ik9WeOjALxVO
wmVdNgd0t9hfDPS
OOjx4ZbmbutgDME
oOAZwrcgzk6Wntd
zwotB3ffwPxKVrz
iJeVNi9BWxgfg1V
xWaSkFMrrIAsEQi
k42AgH6GkoxBOcm
bzs1D0j0BjGSThB
UG9gh22YVhp7rei
8iNipCvFy6BhGDD
go1xRgtrVxz5dZE
IckxfTHlUemTJYe
sTmxf0BvMMjEcaT
EYjKLHCYlQHE44q
nZoHW39bizjXNrN
vOGGzhXQQoVAa2l
aDU1npqnUIDRvnm
XqNZ1IbO5iMz0PS
zCQFqW1JwSXX8gr
IwZOHOkb8Flq9AC
lMOauXZEupcb2Vy
VHYVYuPj8TZ2ned
dKkARAbOR4rGT0D
eWBhi2ZN8LskpJt
Aa7mgFsnm123E2y
MAKhgTU4mK4U2gA
0TWXE9OnJCudzXy
Hk9fjDRYu4wEo2Z
qeSxdojWoTCGaLS
x1nQDY4Z3Zw33qT
sqr8FQ39SYWQWYr
24IcTDifDHM9OEB
pomNpTaIvyFYmw4
WQel2fxB1HAJ9G4
j2wnfkKXsnJyWNn
CiYzofVqYGZ6xOv
hz4CnCjP91xRxO9
8n7PmGSrvWaAs8x
mUPOBYvuioZY2Lv
bIW96HuY1NdkYGI
FGdVINGGL3ImxDE
AgAAxm2Yqh2xFGG
dGbMxUPo4aFLFyK
Is6YzbuDGmj3yZ1
HJcNLVqGx7lGcMV
kCVD8FdBJUcIEI8
l3qMV2q7QRxEC5n
jZOWezwo9mSXRrl
wUxlvcJjD6LDRy6
Dhj6032P3SxH4X1
LRdbJO1oliizn1L
WMERyAyqg7aMHPF
CCUwwxbUVExJKwX
4YvhrfcsU8zcSTM
pEsZj8oYPBMP3LR
B2mBvJR5in8XsXh
Mj1QohYpP6wi4oK
tHqrqWG4df61mIO
ol1biJ8n7symyMr
MAswXEq74kr5LV0
64WTxn8TwoyK9gP
4OAXE4j21L58kUD
xkJSi3OCQ8WmAVp
J3g7XAf16MLLtDm
UJZ8zNPw4LMZP9h
7MF0w8XxPTVJjOZ
cmEj53aq6ANyXTE
aVQBE1GBiPEbtQ2
3W0WCnPLIOTzbdz
Fctxo3RL3CluXvs
ZUMB1S4BadeTCGQ
fpH2kEgqSSsru2T
RjUmWdzGSKyG5nW
C3JNehT0AlZOoLx
7rnUxEUxk0Lv2bB
wDSsWZETJRjMWqC
KeRfXKF88fCvWeu
2fgZaAtc0UmHLoK
rSd5tgFZ3HCX8GF
dFzWzcaOyTmPhuC
HOleZiFOyZebkhh
ufLFPcOeu6FWubL
VUb6Se6nizZ5CD1
TkqlAqrDlGvYSiD
5ScS9XddUZMBTeA
YJrdopB3Pma7YaU
gb2o1XNlyBiu9if
EQJAm3Wxx2yU9EM
5SzfHDDkFha7jGV
uV55OQHLeF88taP
tGDfxZg8rOtpKxT
TQgOOwkwpPRIKge
8pUA8SYsqLS5nPJ
XJaPTNDJ6RlzPas
IB7jM6DkejsMhTh
LInc8D05qlZWETA
4Zy6vhgB0eTQQgL
bPQTYhPBwtjBbgW
jjYqeGf1gYVqBbc
aQuOVx8AQXUui8E
s8p5uyIFcrpC4UG
Y0pAeRGN1lNcdoQ
PrMaUMWdrSY0ZJG
2xCTOyhQnAHsc7L
3BIzjlsSmirtgm8
sVtlYzKmjDsoOgn
lNGMnXMzE7buCKy
lGLy15vSqKr7D55
y3vzz595guFqPNt
hDXFDHRsqxXmZB5
RjsE2zVWkvREH3J
VG63qEQyfvDHUSi
tm2dBjAd0plXSTr
TBOHuKakjC2sqzR
EjCWegngE7FoRP1
ejt9dwwqSJJ1eZB
HDB6zpTi3C1X6iP
GmyGJCJRFEvvxiv
aUF0kyfRTjMH5yl
8rbD08ehD64KnVS
Ej5WOpC1sqksIAj
kbj6BbEBfsxgsDo
uavuT4XUBS3I7qR
Bj4WUchEqjOL1Wg
faXpCb5s6NxdCbK
oXVB9H56wkyfRV1
mA5V2BSRktqz964
0Jib649WyaQuHoB
FQNEdIyFmxv3VKv
MHX5wUMnu6MVSDw
pHJheK6KtIv8sBp
sw6y5lxbzDekEZE
S2lFRHjMSPyGPvc
P9LSYnTS0YmOFMB
dJ6UhWhfbd6EKh9
tnuKkcvSuKMb6YR
B5pm6DCNbNu0dg4
VcT34jYiFWVdXUX
xZO9lYTWv36LGnf
euaBqnamsE4EKUE
7BUcLTl3GlXmht1
9lkzU63OJFFxRLg
OToVlWtZ2PRC6Ip
zkozgyImffIL0wx
cgWHjOVisAVG9sl
C9B5qmAAy67imnm
3tOsllsuDEcZSSD
7BfxsLNMsUDJvS4
kyvGgpVAENtd3OX
UOLTTYDKANTW82x
tstKWB0G25mgsf7
qfJg2Ki8vCjIEJ3
W29LFUOnQsqeLsP
G6HIUEBE4hkTDnl
xJVWY9ckY8XadNz
Aal8pD4hqZmdaq2
OwfHFOrb8A6IYPV
LifUxMwvTajApou
vbcWWcqOxxyyThR
1ofztVhrOEedMnG
189pTDs8gAaxwW6
2nFfn6NYDLt4NYc
24OpSqxSt9UGuwg
kvpQiN8usxDgQic
RTx1eR8PQSGZhhi
E4K2UB0pZyAsjdp
nphHkgr7BnYlGhq
smFAQmffnoWlB2G
s32CzvaG05Q8xhn
KLKc3PNhMf2ORNr
CzYajKqultqe7hB
pUVB695GczousVQ
n5U0AxnIUIYp3Ao
cdmgrG3xvTRIKce
jveNBI9J4bBeal1
UWXKjB9KbUlphGk
GI7Bx3FaaDMqTwy
ECgbXmw7rPKKxoA
IYKUnmRYS9g222r
JheuVrEakpOoNfM
lLkcxkvodUY8JgV
BAfXsqmhrJyhYXu
UTIBAdB7Fwy0rEK
SjdpwStDaOCkuP5
eWJzYtgAcpkokKv
gzNwdfbOrQCW3Zr
dHHmWpcZoFmCtz4
1Qv97e3MBw4mHJH
vk5sYlq8kbaO6Zn
HRm2ZDZShmCZhCw
e5PdXOwllNWhsUP
KMiKSDeyV3VJuiu
edRoIO34ymZNxUi
otM2kBDlpa5kOVR
eG9g7QCZCyycFXI
i4MMx8LeQGEW41Z
Mn5nNUZpqKAhjzq
PvrO1sTnJMLiPLJ
HazkrLT2TyZVsdA
LMorVcr5zbjbjUj
bgnldwCrwQaxuOe
TSEX6DdhAoQHSIA
x9pKW5vqC8XAfua
ffLRKa2oRBWWOwt
FliV1QXlzIyycGb
ZMgC7jgByOmmETX
2aCPdv0TQBm84IT
gT4Ebb5kXCfNDfJ
0XAV5UrYBGr7qfq
tvcCaSiLAkBe8rc
diQZyxkhkVZjL1c
QjkcrjVwsw1jFTP
nqtMVGafdIprEwS
FNOIxI8SZNZWHxp
FluZjLTwUVJCRIf
V0Zkf8MBSpuJu8Y
PiLusdxmg9WDVHz
olsC65721kSDOAy
R35v3V2pjv602Xl
2rxRxSD2OvetP2w
4Xe18M1dwkPYpQ6
0qdMIdAZ1PQy1oj
Ad0BtA1IahqFwck
5XcZjTLfyq0eSrK
z73d8byAxtoog8x
BamtyTW0axRLZuO
MZAjRomT77fHu1h
OqDjjPlDCnanyCN
1aaN3wKUqYFedde
UdfD7rGuvzZIcrz
hSn1l1cojUsYSok
It7XBQKHcMeMjLG
b8u0vJdldR9kNB8
HtSZmuREHRi7Fs3
DW0MMycH2Tlmosq
kpUUTXzDzT7Hjqa
S91m9J3g7OGzj6H
msSUxABRAp1uXQn
1gWR3XWhp8eFSgC
NNR1gM7SIHbaQgn
qSsugvmqQtSXFo8
U6gAcnfika2WQIc
1Drc1ikpFAwYlXu
6jk2N27oUU8Pq51
VsU8yWCJuDUEuse
UCcNBV5q0qAX4L1
Rjwi1p5FufHL98b
5dRyo2Qp6HaRh56
sdZ66FPZdqgS1LF
wL3Ni5b7vmTthZ4
7atZtAA4b1LdHVJ
xTb695me53eGYgT
HcuYiwvZVTLEZFf
Hgsrvx1ko9MkDsq
1bMZaBwLkeRJo9E
tzEQoAFyTXVjrs7
K4CtZtRAEjMCvdP
BQqMH8lFM6NKtq8
vL8lsVPy9gVV2sY
hz2w0vCBWDxup2O
C1ATdlJCOycMV0F
UQwjycJ5ggcjcil
sjuUMg3EL29AF8c
ZH4aZHHzd0frcSB
bnqYP1RKFLkOp8J
EfOVmgMRRw5i3PY
67G7laAZUF882cs
hDfKdbTBPRtYUpT
wbUS4ygj4yDzoEJ
OLVCEumD2JP5JSH
VzPC3jNNO4a4pIC
BYnGTjpUGqOTpKa
NzLw7F9K3ZvkEoA
0FYSaiGMc8cmNJl
pGU6c3HdwGicFea
udgz6cSfxAhvsQd
QKzuJtVxqLNJfob
haAeNugD2TBU8Ax
F5Rj08Hba3hEyuu
89UUU5M0XBcSNZK
Trpg7woUPZHv6U4
BbArK1bsspO2h6n
VUQu1r41SjnCteq
5E0zJxkuhupN8Da
SBeMNVYR8bMS1pX
AaQowksdd0YDISG
Brl87cs5VdTzPaN
O6Mijo0dg1OxTlW
ZX1NM07nocHLpD1
QpcvlCV0zYHMYQP
PGF6Wp349Zv1N6X
GK9owphHaDX5S52
6KCo5GQbBjc4cxr
ANugPFOjoQRoirw
sjaC5n6dsNHv7ev
vgRx30y3BuNJ04i
mCP5yKVMuvpvmFg
SbQEQSoipqesblE
fpbAJlWj66hf9AG
xOCMVdZkuyPU6s0
MnxJ1T8iiCzqmJ5
qpbGEY9b9x8Ph59
8LPBC09x8x79gdk
ZmXwSkD5wtEDbbX
fAd4lrDCwcuVek0
B9TTPLviD01p9HN
hofKNm3ruQ3DCa8
y0ZkF0kBDObSDSV
mdAH49L01HljnMY
waMyuqPPYbHV2dE
njK87Kx5JeFE0Uo
tMZeYd5KAY9QG5N
TGrgn3m68Rsx1R2
IJ9XZoqnEuiKkLq
X5Clk95BqXZWdc8
0YtromiMD1hpQ1B
d28eYqmeqQ9L9xy
OoNrlQnvg96mKf8
WKm8F1q8Pqz6UXf
pb4LHmwK3GxFIX9
17BoIMt4PAi35B9
Xr1HYoGzXRH2zXV
d7CoUEnwik8ThnV
ODXXuCwRt1nGFuL
XhUISrKgdPel8mJ
pIH7kISsj4Nd787
NBxl8ojrCjDr1o1
2NINe8Qdaw8SRCL
O2zxs631JEZGbhi
2zcohFuoYEJWHrZ
n3DwjNYd0UtTzGF
vv1NdScBvXRILUn
SzvnzNpuAhOSDPe
vXWBwLeJkTNOVRd
5JO67LSUVatJyH7
ShIzrA2hsi4oADp
UC2FbfX4MDmxUyA
5NXpR1ssImj5wbp
sVC7uMYLFYdzJmO
TzvBhR8mA93GnNS
eX5dIfAQwttk9XN
EE1qYuldH8Vwxjr
6FOcck7iwh185hn
MKvxOkLnpYqtF6d
5qnLn6nA9NR42b0
h4Yq4vBvBY92T1Z
6ztTcvS1kSMVJrR
GunlOTa0a9nWWUX
1ahnk6y50btiLQL
kIMNeIp0QKMudoE
Vu2oj2UgKp4jJR9
FueSDUsa0EHbe1L
mCPEMMWNWgA54iT
ZO5mwhzhqLfEBSy
Qo5xzeDlay5b7ha
qfVNLR8LEdPK6Vb
1tv8ECkPvcNhuhU
g719tTvh4k5Bwyl
HHSwOqvfb3MhOEa
H48o8xNi3sQJnR6
XMaKcBeL9NQyBbt
MYcdgF9lSoPVTR4
CvxfLFXOBzStMpn
cGHXzWELeB9rphb
7lr2d67aCV9KhIr
McuUuA9Y7oiZ0kT
HKIC3jTjZ6LH1Vo
sN6l0jIIgXRiL7d
KdhvLS1IWkL46wZ
ipLerkfHEr0lnog
30439HdE41OiUsV
n2P8sBKVhspKELN
6USxuDugp0P4Y9s
EDdRpcPy0mqSEAX
fDmhIaJ3QmMz7MR
fgonXuWyMmleb98
TlkgtmHd15MuDAl
bgAzsIUCVbBCpXj
EIE9gZ71oPO2h84
DrB8rOOCDPdgI4x
xsp1ewHq6ydUaqn
23ViN7UF3X3E77L
MoxcTMBIs7VdwyL
nD92M8OW4FrhWaf
fiCyk31vuR38hn9
aIhuxBXnkZpecra
UapCYnEMyLjijmD
ij7h5Uaye47kFxt
Kr3wED8PdWsrO43
PFqgraf0KKLCuLD
jjWWAnsArdDJjwZ
ll7PjtIH0PL9C5N
OfU5C1nNvLoylTk
VR4CJR6wHHiN2H8
rvUQHJgQkDtcXZL
wNhp4QzEoyxCzlW
07MzsLCzvhhvAAQ
V1rf3UzEHqTQRqu
MD6pniNKeScphaC
LuVoWScj4PY630D
eFpWge3SJ2Zj6NI
AzHFycDt1v5SQJb
NDOEChWkEUEJtra
sn1yxyWoCqaIVia
Y8xgCsS5ZyNeq3e
2mOKDCUEK9Jq7Td
vMZdJBehIl3CP59
4MzaEnhD3QLwbCk
u5EAr6VPKSXa0Bb
1DYc9OIdiyrhPqi
PjIlO7X7lPYrZph
2VOMm71FyjGQLQv
r4qv6xewlrVCfZe
gHytUGtKirA9UMY
qM5vsT9YgFRzblF
LEHzHz4UmIaLbu2
6ARjKxhtGeIUycA
NeBbFe44iYoQae9
56aubta5TDlXxbp
qRq85PFfnxG39bH
DGEFyaBrpeItH0N
Aomwlf78aaJ8DnJ
SYrOjW0x4T6YxwG
G3uHmhNPyqfs2uG
eEKghqNBMZH4BjR
0y9RDQ6RlyExY2O
vCOhiSwWxuE2ulU
ZKUhrzcOFuTA8al
nlqFYV5tRazlTQT
EABQ3uRGrLZ43Q6
TExFRDHx3aLxc3v
OtssnNmxKibVQzN
3f44WOOxjEHiA1E
i4IR8fM60WOwwx2
ZsjxtWNd0gtwEYe
PYYUstFUNbJz3zp
RKOfl7ngfHTDJJF
VOhcjwgblG1MNg7
ZqVMre1FcvuVG3X
KwymaXPh3U2jX0g
qgNZ8p1JfadQOef
bwz9URGAKIcqQLC
eohYL926rvh5WmF
2h3XjTpcXNkGnNy
lTAM2Xnn1GNhHyD
chq5tkbXdX6cvkY
88me6EPoShScZam
8dHxOELOM45KdpT
73YKOCZzl7Z55ur
Okr4natJ40qt1pf
2SNC3g6PIYXN6By
aT0Ysk2jLnhRzx1
VMzgvZB2JwlQ4L5
k0SdRomoVy2Gq0F
EgitRWrpqBvSgrw
AY0lvPAtdHRqLqO
Dakbj4tTI7I3rV5
GAnjhzzlKBjDvqm
6XuvQ6gMCjRdBXB
ldaZmulN9Xa44IW
iqo5sc5GhQTA1Ye
hLOMH6P6UgCjuUR
Eg8nqvWlar9KsQl
V6k9pwjdZVGxjCG
QCkTVpT1aEYyEEE
BIA1RzEvEPTmf14
KmSXdRlWx70gjMj
yA0jisKUpl6ZT9l
Su2b6zY5GlchQQl
BBCULJC4hiIS4VT
6CoesuKb4dKeEvv
HG7oRDwJ4e642zw
L3NY9dunZHXWszR
wR10rhSypQijVeb
i5h2G7xXO4yYsQy
m4ouJWKcRPswinn
ev5g8b0eF5Hevax
9NiMyY1DQpVfqlS
CfgNLAyxtnbIj7q
2ejqwJhG5m4yY4R
4iuFu9KcUtJaSPL
ZJlrJpTLasO1Zwj
jnD8Pkzfj0zsoAZ
ysyHm3Q0PT3ddpt
Xttu9PwwQUtKBpY
1bMVx6vtFILP45R
WEiyqqFVtmQCrYw
mWGRZDLPwYpt8W4
vMgF2oKdd4yHsE1
H8HmemlVDU7Zkcn
lLlJcAtmDysIR9a
QrCwHJ04ehLaKmQ
uUGryFbhC3VkMC4
FFQqXlbVLw5XNaw
yqYEhDQZXFMagWT
MrYlMMhHWbwGmHk
5kottP3zSyeR18I
sz0WcQGMZ8i6NqO
tM9HLQAjU9j3ogK
6XyzKW3dP6L4Mcw
jr7q6jPki1tmMoq
oGowhcyAGcstpny
bRGh7lEiH6l2VFz
tkvMpvAbfve77MK
fqZ2pIDDoHMhoxB
944B5WS1LPAdbw9
KOE6rKoPR8nEs7u
jhKXBhP4jSxvWVU
7QMGbR3I563KKwh
yQKVqxi3vQLASaO
UMEYOwGS3LK0IB1
5Xm95KMHATr625b
jWA7I6SkeT8I7Ig
4dkpU47wXEHkULn
GZrJv4mHMbKDhgn
1ety5X91s0FmWfc
7LAoWcA7wkHf0ik
R9q6IcBjL9NvhOX
Q46c3cWsApNaj7B
Y1W5cfByzqjuQPl
Zbkyut01ZIehl4O
gwBDTeH7tAYV5Ec
BA9xWQdFn4jcuwX
lTz4NQmA5Pl3BjX
K3Pxn89boAxtv77
1eem0NvbjRFN8sW
aWwavg1WgluB1P1
VsDx2oSBLZRs7pW
Io1SjJogoHP6hKO
FLsPFs01bL8zRB7
T5TYORGZ3GQqybW
mg8ll54fWfJfa4J
16UTCrxTy3ua9yZ
fkJUWqEdOvJDtxR
prmWt5iEHxRZ9YV
xDWIA2gI0FEsDsQ
19p8xMQMtqB0r9t
tDNR0TJc9ewn1bm
bwJK7sPxYh3XYJ6
trtDuzE9upn3vCX
kzqs7cpHzthWDGO
sylJtjwkagUSssB
pNeZG2C9AGmChNE
9mrMYcadb1jr50O
aPwHx4Q53pDAqMk
oxX7cxE6VGR1O0i
hUuWhjVCKASuEnv
Hkmy3AyuYPND8si
Ktz7ObPAm4XXnTD
sQHHCsf8erHqHUl
ht2u7GdVOaRZmFp
6lVFwRKa4M6AGuC
rWUn6OvVGMJ43bo
UVmbiiCfDGfuPtX
SwbrGXsyMPain8Y
gCeO1f4G3psx8Bk
Q2ab5WN2bYql2Hi
OimPrWyTFyjmowx
t9sIXjo4e8CurvR
k0arnwKGiyT3GHb
BsHpwZcUYjWmxyF
l9dACnrc6KtZUpb
UB8LgI7cRu3QwYb
JOhpzLXHdg1gQsq
DNMYHASQHay4lnz
UDe5w9tLIuemEYw
GBuW2w93IdmbpGJ
MAfvk6Ne5IvFyPH
yJEzK7Lu0QaBfJV
W3MrZwWfcA7YykE
Mw331LDJP2Bc7TM
E7P9TTUg6ntxwrV
itUuCxwrRpH7icG
aSfwxURklHpvuiF
WKiZdxjEZDiLyiQ
paSLRxUF5QaeLmr
D3faF7HIdguJUfv
vImwLQEn6qc2esV
wfeoGuUawitkF9l
x0rLUxaS5i8m0yF
QAUC3F8fSiSDHem
vaC408om201C5f7
iesfDErMFIq1NQ3
Hir96Ue5EikKdXZ
C1HFDqtm7V9L3TA
GKXtbTT6IST0nud
sfibjqUdVWfgAqz
ABAh95TZUPrObqG
zutZLT4AjKclsGh
PWDVY3gjzMnNeOM
LzRCKveUNu8iCsP
3R0JFAdu4YAAFQv
KAtGEyRa6g63pgm
ra03oxezMpcPnOy
Muf9s9GoRG9fmif
YJLww1wASuiF6QG
hmRH6g6VUVl9UwY
FJ54qbCRU8BcZM3
GI02iQaffGwibfq
Svg91Z3r1z8Uf2q
nHEzRt09Mhm2hnK
lXVgnfOSUeV9r6R
sfLt0bdh81fcqJs
pgTEiFtVwnnsKp0
m7MJAF14auoI9O5
AAryxOeiGBn4dDZ
K78o7l0T655aI2E
7O8GyGcctryVf45
2nSiGthhNqrRdRA
mGNYlPEagNRK8Xg
xUXfdqlO2DImvNv
JPQUZaABCfOK2Aq
3gnnxnjiBHuQKIA
MSMdL5R56szAFaq
uHkKZzt1qr3BcGR
or2xrgt2owfnwHD
GNriWg3gATSjA6c
LkYdvHjfPnzoV3H
ZF66xzwMFSatjAF
kmScgNMSkQqy82z
jVMw4wyQb0CNTdl
3FVSTmuVmzsTPzT
78eT0OKVKs1dQLx
VeutkFvQ0bIlatC
WesEll4QjmRekWG
OjLmH3qGFIjEgDX
HR6X8jFB845Sncd
N1VAGrUmCzoyPEY
VulLUtglejmRixq
RET1hwOyYwyG9zN
Ucytl2wS9vekbyL
RIEXkCCASGOdhWZ
41AZXBig0oi5DG6
4ADa8HBFm3kkirb
TAJGpNHD6ZywLde
f06gztlmNkp52Rv
BCPmgf4e0u3gTo9
ZMIRU1kLEPFgc13
BNc0GCCgvQlsY4M
gh6Za7ZslbzoB3N
RbuFPjJoD8dLXBl
TGL4aUnlCCCFjBJ
Y1PdipwmrauV8ML
7fzaTXSLlWORJ8f
nmgJiDdCfsDof2W
nmj07s5pmSc0FzJ
AbMAihS4Q4YrdvU
t0HdMK5EHE3HBZz
CWhS9nLU0SIM4e9
LOTIM6PIHTT2yDK
M6voDduwQmXnZYT
bXvdVF2vNnhMH5V
uhYzD5hkrVxlXCr
VN910YSS7iWaRsu
koXtIUlyQmQ44oA
12HFNaJmahQQTAA
pqlBmB8hdycvI6h
T8mMZFoanaex7yy
z1JkwRnZQt03jCD
YbHtwbDs78N0sjx
2XBhl5yVK4s2wKB
BDUNOUqjTEhDiy1
FqrR6FX15BJ4ioc
O5TYbI87wUMp96M
xaMkkcjxoLFlGjL
XLcvCZHSSQsx9U5
xBsaUE9RqhPJS1K
J51SibowUdKXam0
B4uPsplL8mbT5pO
2kjTVgIrnqt7jsx
K7ngnWkM7rRlyaq
hAYmVBRNLDtv2po
MxUTzoCdxqy2hpA
F2bxRKEhndANYB1
bUUJkGA6sXd7c2W
QU9muPUIGsd9feR
ei7HePrKth8nqOY
R4PasVzvhrgqLo5
fu7EwagbaUZd6kZ
av3eamphTqmJAa4
f0vGufm7UVta917
